
<?xml version='1.1' encoding='UTF-8'?>
<com.cloudbees.hudson.plugins.folder.Folder plugin="cloudbees-folder@6.15">
  <actions/>
  <description></description>
  <properties>
    <org.jenkinsci.plugins.docker.workflow.declarative.FolderConfig plugin="docker-workflow@1.26">
      <dockerLabel></dockerLabel>
      <registry plugin="docker-commons@1.14"/>
    </org.jenkinsci.plugins.docker.workflow.declarative.FolderConfig>
  </properties>
  <folderViews class="com.cloudbees.hudson.plugins.folder.views.DefaultFolderViewHolder">
    <views>
      <hudson.model.AllView>
        <owner class="com.cloudbees.hudson.plugins.folder.Folder" reference="../../../.."/>
        <name>all</name>
        <filterExecutors>false</filterExecutors>
        <filterQueue>false</filterQueue>
        <properties class="hudson.model.View$PropertyList"/>
      </hudson.model.AllView>
      <hudson.model.ListView>
        <owner class="com.cloudbees.hudson.plugins.folder.Folder" reference="../../../.."/>
        <name>Camel Pipelines</name>
        <filterExecutors>false</filterExecutors>
        <filterQueue>false</filterQueue>
        <properties class="hudson.model.View$PropertyList"/>
        <jobNames>
          <comparator class="hudson.util.CaseInsensitiveComparator"/>
          <string>TEST-mbr-ap368-mappings</string>
          <string>TEST-mbr-asic-camel-service</string>
          <string>TEST-mbr-bambora-camel-service</string>
          <string>TEST-mbr-technical-architecture</string>
          <string>TEST-mbr-voil-integration-layer-client</string>
          <string>TEST-mbr-voil-openapi-camel-service</string>
        </jobNames>
        <jobFilters/>
        <columns>
          <hudson.views.StatusColumn/>
          <hudson.views.WeatherColumn/>
          <hudson.views.JobColumn/>
          <hudson.views.LastSuccessColumn/>
          <hudson.views.LastFailureColumn/>
          <hudson.views.LastDurationColumn/>
          <hudson.views.BuildButtonColumn/>
        </columns>
        <recurse>false</recurse>
      </hudson.model.ListView>
    </views>
    <primaryView>all</primaryView>
    <tabBar class="hudson.views.DefaultViewsTabBar"/>
  </folderViews>
  <healthMetrics/>
  <icon class="com.cloudbees.hudson.plugins.folder.icons.StockFolderIcon"/>
</com.cloudbees.hudson.plugins.folder.Folder>